<?xml version="1.0" encoding="UTF-8"?>
<!-- Generated by org.testng.reporters.JUnitReportReporter -->
<testsuite skipped="0" hostname="DESKTOP-TNNGM7F" name="com.Testrunner.Executionwindow" tests="4" failures="0" timestamp="10 Jan 2020 10:45:42 GMT" time="25.063" errors="0">
  <testcase name="partners" time="0.028" classname="com.Testrunner.Executionwindow"/>
  <testcase name="testrun" time="15.973" classname="com.Testrunner.Executionwindow"/>
  <testcase name="login" time="4.314" classname="com.Testrunner.Executionwindow"/>
  <testcase name="employeedetailsupdate" time="4.748" classname="com.Testrunner.Executionwindow"/>
</testsuite> <!-- com.Testrunner.Executionwindow -->
